ERROR - 2024-08-04 20:48:44 --> Error connecting to the database: Error: Call to undefined function CodeIgniter\Database\Postgre\pg_connect() in /var/www/html/uas-pemrograman-web/system/Database/Postgre/Connection.php:78
Stack trace:
#0 /var/www/html/uas-pemrograman-web/system/Database/BaseConnection.php(421): CodeIgniter\Database\Postgre\Connection->connect()
#1 /var/www/html/uas-pemrograman-web/system/Database/BaseConnection.php(616): CodeIgniter\Database\BaseConnection->initialize()
#2 /var/www/html/uas-pemrograman-web/system/Database/BaseBuilder.php(1636): CodeIgniter\Database\BaseConnection->query()
#3 /var/www/html/uas-pemrograman-web/app/Models/ElcoursesModel.php(45): CodeIgniter\Database\BaseBuilder->get()
#4 /var/www/html/uas-pemrograman-web/app/Controllers/CourseController.php(200): App\Models\ElcoursesModel->getElcoursesLazyLoad()
#5 /var/www/html/uas-pemrograman-web/system/CodeIgniter.php(933): App\Controllers\CourseController->getActiveCourses()
#6 /var/www/html/uas-pemrograman-web/system/CodeIgniter.php(509): CodeIgniter\CodeIgniter->runController()
#7 /var/www/html/uas-pemrograman-web/system/CodeIgniter.php(355): CodeIgniter\CodeIgniter->handleRequest()
#8 /var/www/html/uas-pemrograman-web/system/Boot.php(325): CodeIgniter\CodeIgniter->run()
#9 /var/www/html/uas-pemrograman-web/system/Boot.php(67): CodeIgniter\Boot::runCodeIgniter()
#10 /var/www/html/uas-pemrograman-web/public/index.php(56): CodeIgniter\Boot::bootWeb()
#11 {main}
CRITICAL - 2024-08-04 20:48:44 --> CodeIgniter\Database\Exceptions\DatabaseException: Unable to connect to the database.
Main connection [Postgre]: Call to undefined function CodeIgniter\Database\Postgre\pg_connect()
[Method: GET, Route: api/course/all]
in SYSTEMPATH/Database/BaseConnection.php on line 467.
 1 SYSTEMPATH/Database/BaseConnection.php(616): CodeIgniter\Database\BaseConnection->initialize()
 2 SYSTEMPATH/Database/BaseBuilder.php(1636): CodeIgniter\Database\BaseConnection->query()
 3 APPPATH/Models/ElcoursesModel.php(45): CodeIgniter\Database\BaseBuilder->get()
 4 APPPATH/Controllers/CourseController.php(200): App\Models\ElcoursesModel->getElcoursesLazyLoad()
 5 SYSTEMPATH/CodeIgniter.php(933): App\Controllers\CourseController->getActiveCourses()
 6 SYSTEMPATH/CodeIgniter.php(509): CodeIgniter\CodeIgniter->runController()
 7 SYSTEMPATH/CodeIgniter.php(355): CodeIgniter\CodeIgniter->handleRequest()
 8 SYSTEMPATH/Boot.php(325): CodeIgniter\CodeIgniter->run()
 9 SYSTEMPATH/Boot.php(67): CodeIgniter\Boot::runCodeIgniter()
10 FCPATH/index.php(56): CodeIgniter\Boot::bootWeb()
